<?xml version="1.0" encoding="UTF-8"?>
<!-- Generated by org.testng.reporters.JUnitXMLReporter -->
<testsuite hostname="DESKTOP-8GQ3KA3" ignored="0" name="Default test" tests="4" failures="0" timestamp="2022-01-09T09:34:04 IST" time="21.995" errors="0">
  <testcase name="registrationFieldValidation" time="2.595" classname="testscenarios.TC002_Registration"/>
  <testcase name="registerWithMandatoryField" time="4.472" classname="testscenarios.TC002_Registration"/>
  <testcase name="registerWithMandatoryField" time="3.686" classname="testscenarios.TC002_Registration"/>
  <testcase name="registerWithMandatoryField" time="3.491" classname="testscenarios.TC002_Registration"/>
</testsuite> <!-- Default test -->
