<?xml version="1.0" encoding="UTF-8"?>
<!-- Generated by org.testng.reporters.JUnitXMLReporter -->
<testsuite hostname="DESKTOP-8GQ3KA3" ignored="2" name="Test" tests="9" failures="0" timestamp="2022-01-15T10:13:00 IST" time="27.687" errors="0">
  <testcase name="registrationFieldValidation" time="2.341" classname="testscenarios.TC002_Registration"/>
  <testcase name="loginFieldValidation" time="1.792" classname="testscenarios.TC001_Login"/>
  <testcase name="loginWithValidCredential" time="4.345" classname="testscenarios.TC001_Login"/>
  <testcase name="registerWithMandatoryField" time="5.961" classname="testscenarios.TC002_Registration"/>
  <testcase name="loginWithValidCredential" time="3.486" classname="testscenarios.TC001_Login"/>
  <testcase name="registerWithMandatoryField" time="5.389" classname="testscenarios.TC002_Registration"/>
  <testcase name="loginWithValidCredential" time="3.663" classname="testscenarios.TC001_Login"/>
  <testcase name="loginWithInValidCredential" time="4.107" classname="testscenarios.TC001_Login"/>
  <testcase name="registerWithMandatoryField" time="4.833" classname="testscenarios.TC002_Registration"/>
  <testcase name="@BeforeSuite reportInit" time="0.0" classname="base.BaseClass">
    <ignored/>
  </testcase> <!-- @BeforeSuite reportInit -->
  <testcase name="@AfterSuite flushReport" time="0.0" classname="base.BaseClass">
    <ignored/>
  </testcase> <!-- @AfterSuite flushReport -->
</testsuite> <!-- Test -->
