<?xml version="1.0" encoding="UTF-8"?>
<!-- Generated by org.testng.reporters.JUnitXMLReporter -->
<testsuite hostname="DESKTOP-8GQ3KA3" ignored="0" name="Test" tests="5" failures="0" timestamp="2022-01-08T10:14:39 IST" time="18.968" errors="0">
  <testcase name="loginFieldValidation" time="0.325" classname="testcases.TC001_Login"/>
  <testcase name="loginWithValidCredential" time="1.459" classname="testcases.TC001_Login"/>
  <testcase name="loginWithInValidCredential" time="0.403" classname="testcases.TC001_Login"/>
  <testcase name="registrationFieldValidation" time="2.463" classname="testcases.TC002_Registration"/>
  <testcase name="registerWithMandatoryField" time="4.121" classname="testcases.TC002_Registration"/>
</testsuite> <!-- Test -->
